<?xml version="1.0" encoding="UTF-8"?>
<!-- Generated by org.testng.reporters.JUnitReportReporter -->
<testsuite hostname="DESKTOP-V5F0CQC" failures="0" tests="2" name="TestCases.TC_MyAccountPage" time="9.985" errors="0" timestamp="2024-12-10T22:29:07 IST" skipped="0">
  <testcase classname="TestCases.TC_MyAccountPage" name="EnterEmailId" time="0.006"/>
  <testcase classname="TestCases.TC_MyAccountPage" name="verifyRegistrationandLogin" time="9.979"/>
</testsuite> <!-- TestCases.TC_MyAccountPage -->
